INFO:     Will watch for changes in these directories: ['/Users/yy/Documents/GitHub/petshopnew/backend']
INFO:     Uvicorn running on http://127.0.0.1:8000 (Press CTRL+C to quit)
INFO:     Started reloader process [30786] using WatchFiles
2025-09-13 13:30:08,177 INFO sqlalchemy.engine.Engine BEGIN (implicit)
2025-09-13 13:30:08,177 INFO sqlalchemy.engine.Engine PRAGMA main.table_info("users")
2025-09-13 13:30:08,177 INFO sqlalchemy.engine.Engine [raw sql] ()
2025-09-13 13:30:08,179 INFO sqlalchemy.engine.Engine PRAGMA main.table_info("user_follows")
2025-09-13 13:30:08,179 INFO sqlalchemy.engine.Engine [raw sql] ()
2025-09-13 13:30:08,179 INFO sqlalchemy.engine.Engine PRAGMA main.table_info("user_addresses")
2025-09-13 13:30:08,179 INFO sqlalchemy.engine.Engine [raw sql] ()
2025-09-13 13:30:08,179 INFO sqlalchemy.engine.Engine PRAGMA main.table_info("user_checkins")
2025-09-13 13:30:08,179 INFO sqlalchemy.engine.Engine [raw sql] ()
2025-09-13 13:30:08,179 INFO sqlalchemy.engine.Engine PRAGMA main.table_info("keyword_subscriptions")
2025-09-13 13:30:08,179 INFO sqlalchemy.engine.Engine [raw sql] ()
2025-09-13 13:30:08,179 INFO sqlalchemy.engine.Engine PRAGMA main.table_info("categories")
2025-09-13 13:30:08,179 INFO sqlalchemy.engine.Engine [raw sql] ()
2025-09-13 13:30:08,179 INFO sqlalchemy.engine.Engine PRAGMA main.table_info("products")
2025-09-13 13:30:08,179 INFO sqlalchemy.engine.Engine [raw sql] ()
2025-09-13 13:30:08,179 INFO sqlalchemy.engine.Engine PRAGMA main.table_info("bids")
2025-09-13 13:30:08,179 INFO sqlalchemy.engine.Engine [raw sql] ()
2025-09-13 13:30:08,179 INFO sqlalchemy.engine.Engine PRAGMA main.table_info("product_images")
2025-09-13 13:30:08,179 INFO sqlalchemy.engine.Engine [raw sql] ()
2025-09-13 13:30:08,179 INFO sqlalchemy.engine.Engine PRAGMA main.table_info("product_favorites")
2025-09-13 13:30:08,179 INFO sqlalchemy.engine.Engine [raw sql] ()
2025-09-13 13:30:08,179 INFO sqlalchemy.engine.Engine PRAGMA main.table_info("shops")
2025-09-13 13:30:08,179 INFO sqlalchemy.engine.Engine [raw sql] ()
2025-09-13 13:30:08,179 INFO sqlalchemy.engine.Engine PRAGMA main.table_info("local_services")
2025-09-13 13:30:08,179 INFO sqlalchemy.engine.Engine [raw sql] ()
2025-09-13 13:30:08,179 INFO sqlalchemy.engine.Engine PRAGMA main.table_info("special_events")
2025-09-13 13:30:08,179 INFO sqlalchemy.engine.Engine [raw sql] ()
2025-09-13 13:30:08,179 INFO sqlalchemy.engine.Engine PRAGMA main.table_info("auto_bids")
2025-09-13 13:30:08,179 INFO sqlalchemy.engine.Engine [raw sql] ()
2025-09-13 13:30:08,180 INFO sqlalchemy.engine.Engine PRAGMA main.table_info("event_products")
2025-09-13 13:30:08,180 INFO sqlalchemy.engine.Engine [raw sql] ()
2025-09-13 13:30:08,180 INFO sqlalchemy.engine.Engine PRAGMA main.table_info("orders")
2025-09-13 13:30:08,180 INFO sqlalchemy.engine.Engine [raw sql] ()
2025-09-13 13:30:08,180 INFO sqlalchemy.engine.Engine PRAGMA main.table_info("order_items")
2025-09-13 13:30:08,180 INFO sqlalchemy.engine.Engine [raw sql] ()
2025-09-13 13:30:08,180 INFO sqlalchemy.engine.Engine PRAGMA main.table_info("payments")
2025-09-13 13:30:08,180 INFO sqlalchemy.engine.Engine [raw sql] ()
2025-09-13 13:30:08,180 INFO sqlalchemy.engine.Engine PRAGMA main.table_info("logistics")
2025-09-13 13:30:08,180 INFO sqlalchemy.engine.Engine [raw sql] ()
2025-09-13 13:30:08,180 INFO sqlalchemy.engine.Engine PRAGMA main.table_info("messages")
2025-09-13 13:30:08,180 INFO sqlalchemy.engine.Engine [raw sql] ()
2025-09-13 13:30:08,180 INFO sqlalchemy.engine.Engine COMMIT
INFO:     Started server process [30818]
INFO:     Waiting for application startup.
INFO:     Application startup complete.
